<?xml version="1.0" encoding="UTF-8"?>
<testsuite name="HeroTest" tests="1" skipped="0" failures="0" errors="0" timestamp="2019-04-14T09:47:31" hostname="Abdirahmans-MBP.lan" time="0.003">
  <properties/>
  <testcase name="Hero_instantiatesCorrectly_true" classname="HeroTest" time="0.003"/>
  <system-out><![CDATA[]]></system-out>
  <system-err><![CDATA[]]></system-err>
</testsuite>
